2/22/2023 10:38:08 PM	This log contains information about the import schema operation into project 'DatabaseProject' on computer 'DEV10WIN' by user 'Yuge.jana'.
2/22/2023 10:38:08 PM	Import of database schema has started.
2/22/2023 10:38:09 PM	Gathering database credentials
2/22/2023 10:38:09 PM	Gathering database options
2/22/2023 10:38:09 PM	Gathering generic database scoped configuration option
2/22/2023 10:38:09 PM	Gathering users
2/22/2023 10:38:09 PM	Gathering roles
2/22/2023 10:38:09 PM	Gathering application roles
2/22/2023 10:38:09 PM	Gathering role memberships
2/22/2023 10:38:09 PM	Gathering filegroups
2/22/2023 10:38:09 PM	Gathering full-text catalogs
2/22/2023 10:38:09 PM	Gathering assemblies
2/22/2023 10:38:09 PM	Gathering certificates
2/22/2023 10:38:09 PM	Gathering asymmetric keys
2/22/2023 10:38:09 PM	Gathering symmetric keys
2/22/2023 10:38:09 PM	Gathering encrypted symmetric keys
2/22/2023 10:38:09 PM	Gathering schemas
2/22/2023 10:38:09 PM	Gathering XML schema collections
2/22/2023 10:38:09 PM	Gathering user-defined data types
2/22/2023 10:38:09 PM	Gathering user-defined types
2/22/2023 10:38:09 PM	Gathering table types
2/22/2023 10:38:09 PM	Gathering unique keys for table types
2/22/2023 10:38:09 PM	Gathering primary keys for table types
2/22/2023 10:38:09 PM	Gathering indexes for table types
2/22/2023 10:38:09 PM	Gathering check constraints for table types
2/22/2023 10:38:09 PM	Gathering default constraints for table types
2/22/2023 10:38:09 PM	Gathering partition functions
2/22/2023 10:38:09 PM	Gathering partition schemes
2/22/2023 10:38:09 PM	Gathering functions
2/22/2023 10:38:09 PM	Gathering encrypted functions
2/22/2023 10:38:09 PM	Gathering aggregates
2/22/2023 10:38:09 PM	Gathering procedures
2/22/2023 10:38:09 PM	Gathering encrypted procedures
2/22/2023 10:38:09 PM	Gathering tables
2/22/2023 10:38:09 PM	Gathering primary keys
2/22/2023 10:38:09 PM	Gathering unique constraints
2/22/2023 10:38:09 PM	Gathering foreign keys
2/22/2023 10:38:10 PM	Gathering default constraints
2/22/2023 10:38:10 PM	Gathering check constraints
2/22/2023 10:38:10 PM	Gathering views
2/22/2023 10:38:10 PM	Gathering encrypted views
2/22/2023 10:38:10 PM	Gathering indexes
2/22/2023 10:38:10 PM	Gathering statistics
2/22/2023 10:38:10 PM	Gathering full-text index stoplists
2/22/2023 10:38:10 PM	Gathering search property lists
2/22/2023 10:38:10 PM	Gathering search properties
2/22/2023 10:38:10 PM	Gathering full-text indexes
2/22/2023 10:38:10 PM	Gathering column store indexes
2/22/2023 10:38:10 PM	Gathering spatial indexes
2/22/2023 10:38:10 PM	Gathering XML indexes
2/22/2023 10:38:10 PM	Gathering Selective XML indexes
2/22/2023 10:38:10 PM	Gathering encrypted triggers
2/22/2023 10:38:10 PM	Gathering triggers
2/22/2023 10:38:11 PM	Gathering encrypted and clr ddl triggers
2/22/2023 10:38:11 PM	Gathering ddl triggers
2/22/2023 10:38:11 PM	Gathering synonyms
2/22/2023 10:38:11 PM	Gathering defaults
2/22/2023 10:38:11 PM	Gathering data constraint uddt bindings
2/22/2023 10:38:11 PM	Gathering rules
2/22/2023 10:38:11 PM	Gathering data constraint uddt bindings
2/22/2023 10:38:11 PM	Gathering message types
2/22/2023 10:38:11 PM	Gathering queues
2/22/2023 10:38:11 PM	Gathering contracts
2/22/2023 10:38:11 PM	Gathering services
2/22/2023 10:38:11 PM	Gathering event notifications
2/22/2023 10:38:11 PM	Gathering remote service bindings
2/22/2023 10:38:11 PM	Gathering broker priorities
2/22/2023 10:38:11 PM	Gathering signatures
2/22/2023 10:38:11 PM	Gathering compression options
2/22/2023 10:38:11 PM	Gathering sequence types
2/22/2023 10:38:11 PM	Gathering security policies
2/22/2023 10:38:11 PM	Gather column encryption keys
2/22/2023 10:38:11 PM	Gathering column master keys
2/22/2023 10:38:11 PM	Gathering external data sources
2/22/2023 10:38:11 PM	Gathering external file formats
2/22/2023 10:38:11 PM	Gathering external tables
2/22/2023 10:38:11 PM	Gathering extended properties
2/22/2023 10:38:11 PM	Gathering assemblies
2/22/2023 10:38:11 PM	Gathering credentials
2/22/2023 10:38:11 PM	Gathering logins
2/22/2023 10:38:11 PM	Gathering server audits
2/22/2023 10:38:12 PM	Scanning project for duplicate elements
2/22/2023 10:38:12 PM	Finished duplicate element processing
2/22/2023 10:38:14 PM	Finished importing database.
2/22/2023 10:38:14 PM	A summary of the import was saved to the following location: E:\GitCodeCheckout\DatabaseProject\Import Schema Logs\DatabaseProject_20230223063808.log
2/22/2023 10:38:14 PM	Click Finish to continue...
